Build started 10/21/2020 12:19:25 PM.
     1>Project "C:\Users\student\Videos\Project1\Project1\Project1.vcxproj" on node 2 (Build target(s)).
     1>PrepareForBuild:
         Creating directory "C:\Users\student\Videos\Project1\Debug\".
       InitializeBuildStatus:
         Creating "Debug\Project1.unsuccessfulbuild" because "AlwaysCreate" was specified.
       ClCompile:
         C:\Program Files (x86)\Microsoft Visual Studio 11.0\VC\bin\CL.exe /c /ZI /nologo /W3 /WX- /Od /Oy- /D _MBCS /Gm /EHsc /RTC1 /MDd /GS /fp:precise /Zc:wchar_t /Zc:forScope /Fo"Debug\\" /Fd"Debug\vc110.pdb" /Gd /TP /analyze- /errorReport:prompt "Student_GSM .cpp"
         Student_GSM .cpp
     1>c:\users\student\videos\project1\project1\student_gsm .cpp(35): error C2234: 'egn' : arrays of references are illegal
     1>c:\users\student\videos\project1\project1\student_gsm .cpp(37): error C2664: 'atoi' : cannot convert parameter 1 from 'std::string *' to 'const char *'
                 Types pointed to are unrelated; conversion requires reinterpret_cast, C-style cast or function-style cast
     1>c:\users\student\videos\project1\project1\student_gsm .cpp(38): error C2664: 'atoi' : cannot convert parameter 1 from 'std::string *' to 'const char *'
                 Types pointed to are unrelated; conversion requires reinterpret_cast, C-style cast or function-style cast
     1>c:\users\student\videos\project1\project1\student_gsm .cpp(39): error C2664: 'atoi' : cannot convert parameter 1 from 'std::string *' to 'const char *'
                 Types pointed to are unrelated; conversion requires reinterpret_cast, C-style cast or function-style cast
     1>c:\users\student\videos\project1\project1\student_gsm .cpp(46): error C2660: 'Person::getYMD' : function does not take 3 arguments
     1>c:\users\student\videos\project1\project1\student_gsm .cpp(154): error C3867: 'Person::age': function call missing argument list; use '&Person::age' to create a pointer to member
     1>c:\users\student\videos\project1\project1\student_gsm .cpp(154): error C2659: '=' : function as left operand
     1>c:\users\student\videos\project1\project1\student_gsm .cpp(173): error C2679: binary '>>' : no operator found which takes a right-hand operand of type 'int' (or there is no acceptable conversion)
                 c:\program files (x86)\microsoft visual studio 11.0\vc\include\istream(1053): could be 'std::basic_istream<_Elem,_Traits> &std::operator >><std::char_traits<char>>(std::basic_istream<_Elem,_Traits> &,signed char *)'
                 with
                 [
                     _Elem=char,
                     _Traits=std::char_traits<char>
                 ]
                 c:\program files (x86)\microsoft visual studio 11.0\vc\include\istream(1060): or       'std::basic_istream<_Elem,_Traits> &std::operator >><std::char_traits<char>>(std::basic_istream<_Elem,_Traits> &,signed char &)'
                 with
                 [
                     _Elem=char,
                     _Traits=std::char_traits<char>
                 ]
                 c:\program files (x86)\microsoft visual studio 11.0\vc\include\istream(1067): or       'std::basic_istream<_Elem,_Traits> &std::operator >><std::char_traits<char>>(std::basic_istream<_Elem,_Traits> &,unsigned char *)'
                 with
                 [
                     _Elem=char,
                     _Traits=std::char_traits<char>
                 ]
                 c:\program files (x86)\microsoft visual studio 11.0\vc\include\istream(1074): or       'std::basic_istream<_Elem,_Traits> &std::operator >><std::char_traits<char>>(std::basic_istream<_Elem,_Traits> &,unsigned char &)'
                 with
                 [
                     _Elem=char,
                     _Traits=std::char_traits<char>
                 ]
                 c:\program files (x86)\microsoft visual studio 11.0\vc\include\istream(1084): or       'std::basic_istream<_Elem,_Traits> &std::operator >><char,std::char_traits<char>,int>(std::basic_istream<_Elem,_Traits> &&,_Ty &)'
                 with
                 [
                     _Elem=char,
                     _Traits=std::char_traits<char>,
                     _Ty=int
                 ]
                 c:\users\student\videos\project1\project1\student_gsm .cpp(171): or       'std::istream &operator >>(std::istream &,Student &)'
                 c:\program files (x86)\microsoft visual studio 11.0\vc\include\istream(193): or       'std::basic_istream<_Elem,_Traits> &std::basic_istream<_Elem,_Traits>::operator >>(std::basic_istream<_Elem,_Traits> &(__cdecl *)(std::basic_istream<_Elem,_Traits> &))'
                 with
                 [
                     _Elem=char,
                     _Traits=std::char_traits<char>
                 ]
                 c:\program files (x86)\microsoft visual studio 11.0\vc\include\istream(199): or       'std::basic_istream<_Elem,_Traits> &std::basic_istream<_Elem,_Traits>::operator >>(std::basic_ios<_Elem,_Traits> &(__cdecl *)(std::basic_ios<_Elem,_Traits> &))'
                 with
                 [
                     _Elem=char,
                     _Traits=std::char_traits<char>
                 ]
                 c:\program files (x86)\microsoft visual studio 11.0\vc\include\istream(206): or       'std::basic_istream<_Elem,_Traits> &std::basic_istream<_Elem,_Traits>::operator >>(std::ios_base &(__cdecl *)(std::ios_base &))'
                 with
                 [
                     _Elem=char,
                     _Traits=std::char_traits<char>
                 ]
                 c:\program files (x86)\microsoft visual studio 11.0\vc\include\istream(213): or       'std::basic_istream<_Elem,_Traits> &std::basic_istream<_Elem,_Traits>::operator >>(std::_Bool &)'
                 with
                 [
                     _Elem=char,
                     _Traits=std::char_traits<char>
                 ]
                 c:\program files (x86)\microsoft visual studio 11.0\vc\include\istream(232): or       'std::basic_istream<_Elem,_Traits> &std::basic_istream<_Elem,_Traits>::operator >>(short &)'
                 with
                 [
                     _Elem=char,
                     _Traits=std::char_traits<char>
                 ]
                 c:\program files (x86)\microsoft visual studio 11.0\vc\include\istream(267): or       'std::basic_istream<_Elem,_Traits> &std::basic_istream<_Elem,_Traits>::operator >>(unsigned short &)'
                 with
                 [
                     _Elem=char,
                     _Traits=std::char_traits<char>
                 ]
                 c:\program files (x86)\microsoft visual studio 11.0\vc\include\istream(286): or       'std::basic_istream<_Elem,_Traits> &std::basic_istream<_Elem,_Traits>::operator >>(int &)'
                 with
                 [
                     _Elem=char,
                     _Traits=std::char_traits<char>
                 ]
                 c:\program files (x86)\microsoft visual studio 11.0\vc\include\istream(312): or       'std::basic_istream<_Elem,_Traits> &std::basic_istream<_Elem,_Traits>::operator >>(unsigned int &)'
                 with
                 [
                     _Elem=char,
                     _Traits=std::char_traits<char>
                 ]
                 c:\program files (x86)\microsoft visual studio 11.0\vc\include\istream(330): or       'std::basic_istream<_Elem,_Traits> &std::basic_istream<_Elem,_Traits>::operator >>(long &)'
                 with
                 [
                     _Elem=char,
                     _Traits=std::char_traits<char>
                 ]
                 c:\program files (x86)\microsoft visual studio 11.0\vc\include\istream(348): or       'std::basic_istream<_Elem,_Traits> &std::basic_istream<_Elem,_Traits>::operator >>(unsigned long &)'
                 with
                 [
                     _Elem=char,
                     _Traits=std::char_traits<char>
                 ]
                 c:\program files (x86)\microsoft visual studio 11.0\vc\include\istream(368): or       'std::basic_istream<_Elem,_Traits> &std::basic_istream<_Elem,_Traits>::operator >>(__int64 &)'
                 with
                 [
                     _Elem=char,
                     _Traits=std::char_traits<char>
                 ]
                 c:\program files (x86)\microsoft visual studio 11.0\vc\include\istream(387): or       'std::basic_istream<_Elem,_Traits> &std::basic_istream<_Elem,_Traits>::operator >>(unsigned __int64 &)'
                 with
                 [
                     _Elem=char,
                     _Traits=std::char_traits<char>
                 ]
                 c:\program files (x86)\microsoft visual studio 11.0\vc\include\istream(406): or       'std::basic_istream<_Elem,_Traits> &std::basic_istream<_Elem,_Traits>::operator >>(float &)'
                 with
                 [
                     _Elem=char,
                     _Traits=std::char_traits<char>
                 ]
                 c:\program files (x86)\microsoft visual studio 11.0\vc\include\istream(425): or       'std::basic_istream<_Elem,_Traits> &std::basic_istream<_Elem,_Traits>::operator >>(double &)'
                 with
                 [
                     _Elem=char,
                     _Traits=std::char_traits<char>
                 ]
                 c:\program files (x86)\microsoft visual studio 11.0\vc\include\istream(443): or       'std::basic_istream<_Elem,_Traits> &std::basic_istream<_Elem,_Traits>::operator >>(long double &)'
                 with
                 [
                     _Elem=char,
                     _Traits=std::char_traits<char>
                 ]
                 c:\program files (x86)\microsoft visual studio 11.0\vc\include\istream(461): or       'std::basic_istream<_Elem,_Traits> &std::basic_istream<_Elem,_Traits>::operator >>(void *&)'
                 with
                 [
                     _Elem=char,
                     _Traits=std::char_traits<char>
                 ]
                 c:\program files (x86)\microsoft visual studio 11.0\vc\include\istream(480): or       'std::basic_istream<_Elem,_Traits> &std::basic_istream<_Elem,_Traits>::operator >>(std::basic_streambuf<_Elem,_Traits> *)'
                 with
                 [
                     _Elem=char,
                     _Traits=std::char_traits<char>
                 ]
                 while trying to match the argument list '(std::basic_istream<_Elem,_Traits>, int)'
                 with
                 [
                     _Elem=char,
                     _Traits=std::char_traits<char>
                 ]
     1>c:\users\student\videos\project1\project1\student_gsm .cpp(179): error C2679: binary '<<' : no operator found which takes a right-hand operand of type 'const Address' (or there is no acceptable conversion)
                 c:\program files (x86)\microsoft visual studio 11.0\vc\include\ostream(695): could be 'std::basic_ostream<_Elem,_Traits> &std::operator <<<char,std::char_traits<char>>(std::basic_ostream<_Elem,_Traits> &,const char *)'
                 with
                 [
                     _Elem=char,
                     _Traits=std::char_traits<char>
                 ]
                 c:\program files (x86)\microsoft visual studio 11.0\vc\include\ostream(742): or       'std::basic_ostream<_Elem,_Traits> &std::operator <<<char,std::char_traits<char>>(std::basic_ostream<_Elem,_Traits> &,char)'
                 with
                 [
                     _Elem=char,
                     _Traits=std::char_traits<char>
                 ]
                 c:\program files (x86)\microsoft visual studio 11.0\vc\include\ostream(780): or       'std::basic_ostream<_Elem,_Traits> &std::operator <<<std::char_traits<char>>(std::basic_ostream<_Elem,_Traits> &,const char *)'
                 with
                 [
                     _Elem=char,
                     _Traits=std::char_traits<char>
                 ]
                 c:\program files (x86)\microsoft visual studio 11.0\vc\include\ostream(827): or       'std::basic_ostream<_Elem,_Traits> &std::operator <<<std::char_traits<char>>(std::basic_ostream<_Elem,_Traits> &,char)'
                 with
                 [
                     _Elem=char,
                     _Traits=std::char_traits<char>
                 ]
                 c:\program files (x86)\microsoft visual studio 11.0\vc\include\ostream(953): or       'std::basic_ostream<_Elem,_Traits> &std::operator <<<std::char_traits<char>>(std::basic_ostream<_Elem,_Traits> &,const signed char *)'
                 with
                 [
                     _Elem=char,
                     _Traits=std::char_traits<char>
                 ]
                 c:\program files (x86)\microsoft visual studio 11.0\vc\include\ostream(960): or       'std::basic_ostream<_Elem,_Traits> &std::operator <<<std::char_traits<char>>(std::basic_ostream<_Elem,_Traits> &,signed char)'
                 with
                 [
                     _Elem=char,
                     _Traits=std::char_traits<char>
                 ]
                 c:\program files (x86)\microsoft visual studio 11.0\vc\include\ostream(967): or       'std::basic_ostream<_Elem,_Traits> &std::operator <<<std::char_traits<char>>(std::basic_ostream<_Elem,_Traits> &,const unsigned char *)'
                 with
                 [
                     _Elem=char,
                     _Traits=std::char_traits<char>
                 ]
                 c:\program files (x86)\microsoft visual studio 11.0\vc\include\ostream(974): or       'std::basic_ostream<_Elem,_Traits> &std::operator <<<std::char_traits<char>>(std::basic_ostream<_Elem,_Traits> &,unsigned char)'
                 with
                 [
                     _Elem=char,
                     _Traits=std::char_traits<char>
                 ]
                 c:\program files (x86)\microsoft visual studio 11.0\vc\include\ostream(984): or       'std::basic_ostream<_Elem,_Traits> &std::operator <<<char,std::char_traits<char>,Address>(std::basic_ostream<_Elem,_Traits> &&,const _Ty &)'
                 with
                 [
                     _Elem=char,
                     _Traits=std::char_traits<char>,
                     _Ty=Address
                 ]
                 c:\program files (x86)\microsoft visual studio 11.0\vc\include\ostream(1101): or       'std::basic_ostream<_Elem,_Traits> &std::operator <<<char,std::char_traits<char>>(std::basic_ostream<_Elem,_Traits> &,const std::error_code &)'
                 with
                 [
                     _Elem=char,
                     _Traits=std::char_traits<char>
                 ]
                 c:\users\student\videos\project1\project1\student_gsm .cpp(92): or       'std::ostream &operator <<(std::ostream &,Address &)' [found using argument-dependent lookup]
                 c:\users\student\videos\project1\project1\student_gsm .cpp(177): or       'std::ostream &operator <<(std::ostream &,const Student &)'
                 c:\program files (x86)\microsoft visual studio 11.0\vc\include\ostream(201): or       'std::basic_ostream<_Elem,_Traits> &std::basic_ostream<_Elem,_Traits>::operator <<(std::basic_ostream<_Elem,_Traits> &(__cdecl *)(std::basic_ostream<_Elem,_Traits> &))'
                 with
                 [
                     _Elem=char,
                     _Traits=std::char_traits<char>
                 ]
                 c:\program files (x86)\microsoft visual studio 11.0\vc\include\ostream(207): or       'std::basic_ostream<_Elem,_Traits> &std::basic_ostream<_Elem,_Traits>::operator <<(std::basic_ios<_Elem,_Traits> &(__cdecl *)(std::basic_ios<_Elem,_Traits> &))'
                 with
                 [
                     _Elem=char,
                     _Traits=std::char_traits<char>
                 ]
                 c:\program files (x86)\microsoft visual studio 11.0\vc\include\ostream(214): or       'std::basic_ostream<_Elem,_Traits> &std::basic_ostream<_Elem,_Traits>::operator <<(std::ios_base &(__cdecl *)(std::ios_base &))'
                 with
                 [
                     _Elem=char,
                     _Traits=std::char_traits<char>
                 ]
                 c:\program files (x86)\microsoft visual studio 11.0\vc\include\ostream(221): or       'std::basic_ostream<_Elem,_Traits> &std::basic_ostream<_Elem,_Traits>::operator <<(std::_Bool)'
                 with
                 [
                     _Elem=char,
                     _Traits=std::char_traits<char>
                 ]
                 c:\program files (x86)\microsoft visual studio 11.0\vc\include\ostream(241): or       'std::basic_ostream<_Elem,_Traits> &std::basic_ostream<_Elem,_Traits>::operator <<(short)'
                 with
                 [
                     _Elem=char,
                     _Traits=std::char_traits<char>
                 ]
                 c:\program files (x86)\microsoft visual studio 11.0\vc\include\ostream(275): or       'std::basic_ostream<_Elem,_Traits> &std::basic_ostream<_Elem,_Traits>::operator <<(unsigned short)'
                 with
                 [
                     _Elem=char,
                     _Traits=std::char_traits<char>
                 ]
                 c:\program files (x86)\microsoft visual studio 11.0\vc\include\ostream(295): or       'std::basic_ostream<_Elem,_Traits> &std::basic_ostream<_Elem,_Traits>::operator <<(int)'
                 with
                 [
                     _Elem=char,
                     _Traits=std::char_traits<char>
                 ]
                 c:\program files (x86)\microsoft visual studio 11.0\vc\include\ostream(320): or       'std::basic_ostream<_Elem,_Traits> &std::basic_ostream<_Elem,_Traits>::operator <<(unsigned int)'
                 with
                 [
                     _Elem=char,
                     _Traits=std::char_traits<char>
                 ]
                 c:\program files (x86)\microsoft visual studio 11.0\vc\include\ostream(340): or       'std::basic_ostream<_Elem,_Traits> &std::basic_ostream<_Elem,_Traits>::operator <<(long)'
                 with
                 [
                     _Elem=char,
                     _Traits=std::char_traits<char>
                 ]
                 c:\program files (x86)\microsoft visual studio 11.0\vc\include\ostream(360): or       'std::basic_ostream<_Elem,_Traits> &std::basic_ostream<_Elem,_Traits>::operator <<(unsigned long)'
                 with
                 [
                     _Elem=char,
                     _Traits=std::char_traits<char>
                 ]
                 c:\program files (x86)\microsoft visual studio 11.0\vc\include\ostream(381): or       'std::basic_ostream<_Elem,_Traits> &std::basic_ostream<_Elem,_Traits>::operator <<(__int64)'
                 with
                 [
                     _Elem=char,
                     _Traits=std::char_traits<char>
                 ]
                 c:\program files (x86)\microsoft visual studio 11.0\vc\include\ostream(401): or       'std::basic_ostream<_Elem,_Traits> &std::basic_ostream<_Elem,_Traits>::operator <<(unsigned __int64)'
                 with
                 [
                     _Elem=char,
                     _Traits=std::char_traits<char>
                 ]
                 c:\program files (x86)\microsoft visual studio 11.0\vc\include\ostream(422): or       'std::basic_ostream<_Elem,_Traits> &std::basic_ostream<_Elem,_Traits>::operator <<(float)'
                 with
                 [
                     _Elem=char,
                     _Traits=std::char_traits<char>
                 ]
                 c:\program files (x86)\microsoft visual studio 11.0\vc\include\ostream(442): or       'std::basic_ostream<_Elem,_Traits> &std::basic_ostream<_Elem,_Traits>::operator <<(double)'
                 with
                 [
                     _Elem=char,
                     _Traits=std::char_traits<char>
                 ]
                 c:\program files (x86)\microsoft visual studio 11.0\vc\include\ostream(462): or       'std::basic_ostream<_Elem,_Traits> &std::basic_ostream<_Elem,_Traits>::operator <<(long double)'
                 with
                 [
                     _Elem=char,
                     _Traits=std::char_traits<char>
                 ]
                 c:\program files (x86)\microsoft visual studio 11.0\vc\include\ostream(482): or       'std::basic_ostream<_Elem,_Traits> &std::basic_ostream<_Elem,_Traits>::operator <<(const void *)'
                 with
                 [
                     _Elem=char,
                     _Traits=std::char_traits<char>
                 ]
                 c:\program files (x86)\microsoft visual studio 11.0\vc\include\ostream(502): or       'std::basic_ostream<_Elem,_Traits> &std::basic_ostream<_Elem,_Traits>::operator <<(std::basic_streambuf<_Elem,_Traits> *)'
                 with
                 [
                     _Elem=char,
                     _Traits=std::char_traits<char>
                 ]
                 while trying to match the argument list '(std::basic_ostream<_Elem,_Traits>, const Address)'
                 with
                 [
                     _Elem=char,
                     _Traits=std::char_traits<char>
                 ]
     1>c:\users\student\videos\project1\project1\student_gsm .cpp(179): error C2662: 'Person::age' : cannot convert 'this' pointer from 'const Student' to 'Person &'
                 Conversion loses qualifiers
     1>c:\users\student\videos\project1\project1\student_gsm .cpp(214): error C2064: term does not evaluate to a function taking 0 arguments
     1>c:\users\student\videos\project1\project1\student_gsm .cpp(240): error C3867: 'Person::age': function call missing argument list; use '&Person::age' to create a pointer to member
     1>Done Building Project "C:\Users\student\Videos\Project1\Project1\Project1.vcxproj" (Build target(s)) -- FAILED.

Build FAILED.

Time Elapsed 00:00:00.45
